Построение начато 01.10.2012 23:11:44.
     1>Проект "J:\Славик\Здача\Laba 3\My laba\My laba.vcxproj" в узле 2 (целевые объекты build).
     1>InitializeBuildStatus:
         Создание "Debug\My laba.unsuccessfulbuild", так как было задано "AlwaysCreate".
       ClCompile:
         C:\Program Files\Microsoft Visual Studio 10.0\VC\bin\CL.exe /c /ZI /nologo /W3 /WX- /Od /Oy- /D WIN32 /D _DEBUG /D _CONSOLE /D _UNICODE /D UNICODE /Gm /EHsc /RTC1 /MDd /GS /fp:precise /Zc:wchar_t /Zc:forScope /Fo"Debug\\" /Fd"Debug\vc100.pdb" /Gd /TP /analyze- /errorReport:prompt "Laba 3.cpp"
         Laba 3.cpp
       ManifestResourceCompile:
         Для всех выходных данных обновления не требуется.
       Link:
         C:\Program Files\Microsoft Visual Studio 10.0\VC\bin\link.exe /ERRORREPORT:PROMPT /OUT:"J:\Славик\Здача\Laba 3\Debug\My laba.exe" /INCREMENTAL /NOLOGO kernel32.lib user32.lib gdi32.lib winspool.lib comdlg32.lib advapi32.lib shell32.lib ole32.lib oleaut32.lib uuid.lib odbc32.lib odbccp32.lib /MANIFEST /ManifestFile:"Debug\My laba.exe.intermediate.manifest" /MANIFESTUAC:"level='asInvoker' uiAccess='false'" /DEBUG /PDB:"J:\Славик\Здача\Laba 3\Debug\My laba.pdb" /SUBSYSTEM:CONSOLE /TLBID:1 /DYNAMICBASE /NXCOMPAT /IMPLIB:"J:\Славик\Здача\Laba 3\Debug\My laba.lib" /MACHINE:X86 "Debug\My laba.exe.embed.manifest.res"
         "Debug\Laba 3.obj"
       Manifest:
         C:\Program Files\Microsoft SDKs\Windows\v7.0A\bin\mt.exe /nologo /verbose /out:"Debug\My laba.exe.embed.manifest" /manifest "Debug\My laba.exe.intermediate.manifest"
         Для всех выходных данных обновления не требуется.
       LinkEmbedManifest:
         Для всех выходных данных обновления не требуется.
         My laba.vcxproj -> J:\Славик\Здача\Laba 3\Debug\My laba.exe
       FinalizeBuildStatus:
         Файл "Debug\My laba.unsuccessfulbuild" удаляется.
         Обращение к "Debug\My laba.lastbuildstate".
     1>Построение проекта "J:\Славик\Здача\Laba 3\My laba\My laba.vcxproj" завершено (целевые объекты build).

Построение успешно завершено.

Затраченное время: 00:00:04.99
